<?xml version="1.0" encoding="UTF-8"?>
<!-- Generated by org.testng.reporters.JUnitReportReporter -->
<testsuite hostname="LTIN216042" failures="0" tests="2" name="beforeAfterTest.Class2" time="0.015" errors="0" timestamp="2024-02-29T15:13:03 IST" skipped="0">
  <testcase classname="beforeAfterTest.Class2" name="xyz" time="0.002"/>
  <testcase classname="beforeAfterTest.Class2" name="xyz" time="0.013"/>
</testsuite> <!-- beforeAfterTest.Class2 -->
