<?xml version="1.0" encoding="UTF-8"?>
<!-- Generated by org.testng.reporters.JUnitReportReporter -->
<testsuite hostname="LTIN216042" failures="0" tests="10" name="parallel_Testing_And_Invocation.Invocation" time="0.038" errors="0" timestamp="2024-03-05T12:32:30 IST" skipped="0">
  <testcase classname="parallel_Testing_And_Invocation.Invocation" name="fun" time="0.002"/>
  <testcase classname="parallel_Testing_And_Invocation.Invocation" name="fun" time="0.003"/>
  <testcase classname="parallel_Testing_And_Invocation.Invocation" name="fun" time="0.001"/>
  <testcase classname="parallel_Testing_And_Invocation.Invocation" name="fun" time="0.003"/>
  <testcase classname="parallel_Testing_And_Invocation.Invocation" name="fun" time="0.003"/>
  <testcase classname="parallel_Testing_And_Invocation.Invocation" name="fun" time="0.003"/>
  <testcase classname="parallel_Testing_And_Invocation.Invocation" name="fun" time="0.003"/>
  <testcase classname="parallel_Testing_And_Invocation.Invocation" name="fun" time="0.002"/>
  <testcase classname="parallel_Testing_And_Invocation.Invocation" name="fun" time="0.016"/>
  <testcase classname="parallel_Testing_And_Invocation.Invocation" name="fun" time="0.002"/>
</testsuite> <!-- parallel_Testing_And_Invocation.Invocation -->
