<?xml version="1.0" encoding="UTF-8"?>
<!-- Generated by org.testng.reporters.JUnitReportReporter -->
<testsuite hostname="LTIN216042" failures="0" tests="2" name="testNG.FirstTest" time="0.024" errors="0" timestamp="2024-02-28T17:48:08 IST" skipped="0">
  <testcase classname="testNG.FirstTest" name="test1" time="0.021"/>
  <testcase classname="testNG.FirstTest" name="test2" time="0.003"/>
</testsuite> <!-- testNG.FirstTest -->
