<?xml version="1.0" encoding="UTF-8"?>
<!-- Generated by org.testng.reporters.JUnitReportReporter -->
<testsuite hostname="LTIN216042" failures="0" tests="2" name="testNG.Annotations" time="0.056" errors="0" timestamp="2024-02-29T14:41:53 IST" skipped="0">
  <testcase classname="testNG.Annotations" name="search" time="0.023"/>
  <testcase classname="testNG.Annotations" name="advancedSearch" time="0.033"/>
</testsuite> <!-- testNG.Annotations -->
