<?xml version="1.0" encoding="UTF-8"?>
<!-- Generated by org.testng.reporters.JUnitReportReporter -->
<testsuite hostname="LTIN216042" failures="0" tests="3" name="beCognizant.MyTest" time="175.736" errors="0" timestamp="2024-03-13T15:22:19 IST" skipped="0">
  <testcase classname="beCognizant.MyTest" name="beCognizant" time="7.315"/>
  <testcase classname="beCognizant.MyTest" name="oneCognizant" time="11.961"/>
  <testcase classname="beCognizant.MyTest" name="timesheet" time="156.460"/>
</testsuite> <!-- beCognizant.MyTest -->
