<?xml version="1.0" encoding="UTF-8"?>
<!-- Generated by org.testng.reporters.JUnitReportReporter -->
<testsuite hostname="LTIN216042" failures="0" tests="1" name="pageObjectModel.LoginTest" time="7.161" errors="0" timestamp="2024-03-07T12:20:08 IST" skipped="0">
  <testcase classname="pageObjectModel.LoginTest" name="testLogin" time="7.161"/>
</testsuite> <!-- pageObjectModel.LoginTest -->
