<?xml version="1.0" encoding="UTF-8"?>
<!-- Generated by org.testng.reporters.JUnitReportReporter -->
<testsuite hostname="LTIN216042" failures="0" tests="3" name="dataProvidersAndGrouping.Grouping" time="0.036" errors="0" timestamp="2024-03-01T14:56:57 IST" skipped="0">
  <testcase classname="dataProvidersAndGrouping.Grouping" name="loginbyfacebook" time="0.030"/>
  <testcase classname="dataProvidersAndGrouping.Grouping" name="loginbytwitter" time="0.003"/>
  <testcase classname="dataProvidersAndGrouping.Grouping" name="payinrupees" time="0.003"/>
</testsuite> <!-- dataProvidersAndGrouping.Grouping -->
