<?xml version="1.0" encoding="UTF-8"?>
<!-- Generated by org.testng.reporters.JUnitReportReporter -->
<testsuite hostname="LTIN216042" failures="0" tests="2" name="testNG.BeforeAfterClass" time="0.020" errors="0" timestamp="2024-02-29T14:48:46 IST" skipped="0">
  <testcase classname="testNG.BeforeAfterClass" name="search" time="0.017"/>
  <testcase classname="testNG.BeforeAfterClass" name="advancedSearch" time="0.003"/>
</testsuite> <!-- testNG.BeforeAfterClass -->
