<?xml version="1.0" encoding="UTF-8"?>
<!-- Generated by org.testng.reporters.JUnitReportReporter -->
<testsuite hostname="LTIN216042" failures="0" tests="1" name="pageObjectModel.LoginTest_WithPageFactory" time="6.996" errors="0" timestamp="2024-03-07T12:48:02 IST" skipped="0">
  <testcase classname="pageObjectModel.LoginTest_WithPageFactory" name="testLogin" time="6.996"/>
</testsuite> <!-- pageObjectModel.LoginTest_WithPageFactory -->
