<?xml version="1.0" encoding="UTF-8"?>
<!-- Generated by org.testng.reporters.JUnitReportReporter -->
<testsuite hostname="LTIN216042" failures="0" tests="1" name="beCognizant.timy" time="195.134" errors="0" timestamp="2024-03-11T15:32:15 IST" skipped="0">
  <testcase classname="beCognizant.timy" name="timeSheet" time="195.134"/>
</testsuite> <!-- beCognizant.timy -->
