<?xml version="1.0" encoding="UTF-8"?>
<!-- Generated by org.testng.reporters.JUnitReportReporter -->
<testsuite hostname="LTIN216042" failures="0" tests="2" name="beforeAfterTest.Class1" time="0.005" errors="0" timestamp="2024-02-29T15:13:03 IST" skipped="0">
  <testcase classname="beforeAfterTest.Class1" name="abc" time="0.003"/>
  <testcase classname="beforeAfterTest.Class1" name="abc" time="0.002"/>
</testsuite> <!-- beforeAfterTest.Class1 -->
