<?xml version="1.0" encoding="UTF-8"?>
<!-- Generated by org.testng.reporters.JUnitReportReporter -->
<testsuite hostname="LTIN216042" failures="0" tests="1" name="finalEval.Price" time="0.023" errors="0" timestamp="2024-03-19T12:09:36 IST" skipped="0">
  <testcase classname="finalEval.Price" name="run" time="0.023"/>
</testsuite> <!-- finalEval.Price -->
