<?xml version="1.0" encoding="UTF-8"?>
<!-- Generated by org.testng.reporters.JUnitReportReporter -->
<testsuite hostname="LTIN216042" failures="0" tests="1" name="testNG.SecondTest" time="0.002" errors="0" timestamp="2024-02-28T17:37:10 IST" skipped="0">
  <testcase classname="testNG.SecondTest" name="second" time="0.002"/>
</testsuite> <!-- testNG.SecondTest -->
