<?xml version="1.0" encoding="UTF-8"?>
<!-- Generated by org.testng.reporters.JUnitReportReporter -->
<testsuite hostname="LTIN216042" failures="0" tests="1" name="testCases.TC_004_LoginTest" time="5.250" errors="0" timestamp="2024-03-26T15:10:11 IST" skipped="0">
  <testcase classname="testCases.TC_004_LoginTest" name="verifyLogin" time="5.250"/>
</testsuite> <!-- testCases.TC_004_LoginTest -->
