<?xml version="1.0" encoding="UTF-8"?>
<!-- Generated by org.testng.reporters.JUnitReportReporter -->
<testsuite hostname="LTIN216042" failures="0" tests="1" name="testCases.TC_001_Search" time="27.463" errors="0" timestamp="2024-03-19T14:27:45 IST" skipped="0">
  <testcase classname="testCases.TC_001_Search" name="verifySearch" time="27.463"/>
</testsuite> <!-- testCases.TC_001_Search -->
