<?xml version="1.0" encoding="UTF-8"?>
<!-- Generated by org.testng.reporters.JUnitReportReporter -->
<testsuite hostname="LTIN216042" failures="0" tests="3" name="casProject.MyTest" time="203.779" errors="0" timestamp="2024-03-15T14:50:27 IST" skipped="0">
  <testcase classname="casProject.MyTest" name="beCognizant" time="11.156"/>
  <testcase classname="casProject.MyTest" name="oneCognizant" time="9.695"/>
  <testcase classname="casProject.MyTest" name="timesheet" time="182.928"/>
</testsuite> <!-- casProject.MyTest -->
